  [1m[35m (1.5ms)[0m  [1m[34mSELECT sqlite_version(*)[0m
  [1m[35m (1.3ms)[0m  [1m[35mCREATE TABLE "schema_migrations" ("version" varchar NOT NULL PRIMARY KEY)[0m
  [1m[35m (0.8ms)[0m  [1m[35mCREATE TABLE "ar_internal_metadata" ("key" varchar NOT NULL PRIMARY KEY, "value" varchar, "created_at" datetime(6) NOT NULL, "updated_at" datetime(6) NOT NULL)[0m
  [1m[35m (0.1ms)[0m  [1m[34mSELECT "schema_migrations"."version" FROM "schema_migrations" ORDER BY "schema_migrations"."version" ASC[0m
Migrating to CreateStudents (20200413181712)
  [1m[35m (0.0ms)[0m  [1m[36mbegin transaction[0m
  [1m[35m (0.3ms)[0m  [1m[35mCREATE TABLE "students" ("id" integer PRIMARY KEY AUTOINCREMENT NOT NULL, "name" varchar, "school" varchar, "age" integer, "bio" text, "created_at" datetime(6) NOT NULL, "updated_at" datetime(6) NOT NULL)[0m
  [1m[36mprimary::SchemaMigration Create (0.2ms)[0m  [1m[32mINSERT INTO "schema_migrations" ("version") VALUES (?)[0m  [["version", "20200413181712"]]
  [1m[35m (0.8ms)[0m  [1m[36mcommit transaction[0m
Migrating to CreateDoctors (20200413181908)
  [1m[35m (0.0ms)[0m  [1m[36mbegin transaction[0m
  [1m[35m (0.4ms)[0m  [1m[35mCREATE TABLE "doctors" ("id" integer PRIMARY KEY AUTOINCREMENT NOT NULL, "name" varchar, "location" varchar, "hospital" varchar, "practice" varchar, "participation" float, "notes" text, "created_at" datetime(6) NOT NULL, "updated_at" datetime(6) NOT NULL)[0m
  [1m[36mprimary::SchemaMigration Create (0.1ms)[0m  [1m[32mINSERT INTO "schema_migrations" ("version") VALUES (?)[0m  [["version", "20200413181908"]]
  [1m[35m (0.7ms)[0m  [1m[36mcommit transaction[0m
Migrating to CreateShadows (20200413182202)
  [1m[35m (0.0ms)[0m  [1m[36mbegin transaction[0m
  [1m[35m (0.4ms)[0m  [1m[35mCREATE TABLE "shadows" ("id" integer PRIMARY KEY AUTOINCREMENT NOT NULL, "student_id" integer NOT NULL, "doctor_id" integer NOT NULL, "start_date" date, "length" varchar, "accepted" boolean, "created_at" datetime(6) NOT NULL, "updated_at" datetime(6) NOT NULL, CONSTRAINT "fk_rails_7f6cbb1cf4"
FOREIGN KEY ("student_id")
  REFERENCES "students" ("id")
, CONSTRAINT "fk_rails_6cb0c3d221"
FOREIGN KEY ("doctor_id")
  REFERENCES "doctors" ("id")
)[0m
  [1m[35m (0.1ms)[0m  [1m[35mCREATE  INDEX "index_shadows_on_student_id" ON "shadows" ("student_id")[0m
  [1m[35m (0.1ms)[0m  [1m[35mCREATE  INDEX "index_shadows_on_doctor_id" ON "shadows" ("doctor_id")[0m
  [1m[36mprimary::SchemaMigration Create (0.1ms)[0m  [1m[32mINSERT INTO "schema_migrations" ("version") VALUES (?)[0m  [["version", "20200413182202"]]
  [1m[35m (0.7ms)[0m  [1m[36mcommit transaction[0m
Migrating to CreateDocuments (20200413182256)
  [1m[35m (0.0ms)[0m  [1m[36mbegin transaction[0m
  [1m[35m (0.4ms)[0m  [1m[35mCREATE TABLE "documents" ("id" integer PRIMARY KEY AUTOINCREMENT NOT NULL, "student_id" integer NOT NULL, "document_name" varchar, "document_type" varchar, "created_at" datetime(6) NOT NULL, "updated_at" datetime(6) NOT NULL, CONSTRAINT "fk_rails_ee00a59e3a"
FOREIGN KEY ("student_id")
  REFERENCES "students" ("id")
)[0m
  [1m[35m (0.1ms)[0m  [1m[35mCREATE  INDEX "index_documents_on_student_id" ON "documents" ("student_id")[0m
  [1m[36mprimary::SchemaMigration Create (0.2ms)[0m  [1m[32mINSERT INTO "schema_migrations" ("version") VALUES (?)[0m  [["version", "20200413182256"]]
  [1m[35m (0.8ms)[0m  [1m[36mcommit transaction[0m
  [1m[36mActiveRecord::InternalMetadata Load (0.1ms)[0m  [1m[34mSELECT "ar_internal_metadata".* FROM "ar_internal_metadata" WHERE "ar_internal_metadata"."key" = ? LIMIT ?[0m  [["key", "environment"], ["LIMIT", 1]]
  [1m[35m (0.0ms)[0m  [1m[36mbegin transaction[0m
  [1m[36mActiveRecord::InternalMetadata Create (0.3ms)[0m  [1m[32mINSERT INTO "ar_internal_metadata" ("key", "value", "created_at", "updated_at") VALUES (?, ?, ?, ?)[0m  [["key", "environment"], ["value", "development"], ["created_at", "2020-04-13 18:23:20.701168"], ["updated_at", "2020-04-13 18:23:20.701168"]]
  [1m[35m (0.7ms)[0m  [1m[36mcommit transaction[0m
  [1m[35m (0.1ms)[0m  [1m[34mSELECT sqlite_version(*)[0m
  [1m[35m (0.2ms)[0m  [1m[34mSELECT "schema_migrations"."version" FROM "schema_migrations" ORDER BY "schema_migrations"."version" ASC[0m
  [1m[35m (0.5ms)[0m  [1m[34mSELECT sqlite_version(*)[0m
  [1m[35m (0.4ms)[0m  [1m[34mSELECT "schema_migrations"."version" FROM "schema_migrations" ORDER BY "schema_migrations"."version" ASC[0m
  [1m[35m (0.5ms)[0m  [1m[34mSELECT sqlite_version(*)[0m
  [1m[35m (0.3ms)[0m  [1m[34mSELECT "schema_migrations"."version" FROM "schema_migrations" ORDER BY "schema_migrations"."version" ASC[0m
  [1m[35m (0.6ms)[0m  [1m[34mSELECT sqlite_version(*)[0m
  [1m[35m (0.3ms)[0m  [1m[34mSELECT "schema_migrations"."version" FROM "schema_migrations" ORDER BY "schema_migrations"."version" ASC[0m
  [1m[35m (0.3ms)[0m  [1m[34mSELECT sqlite_version(*)[0m
  [1m[35m (0.1ms)[0m  [1m[34mSELECT "schema_migrations"."version" FROM "schema_migrations" ORDER BY "schema_migrations"."version" ASC[0m
  [1m[35m (0.0ms)[0m  [1m[34mSELECT sqlite_version(*)[0m
  [1m[36mStudent Load (0.2ms)[0m  [1m[34mSELECT "students".* FROM "students"[0m
  [1m[36mDoctor Load (0.3ms)[0m  [1m[34mSELECT "doctors".* FROM "doctors"[0m
  [1m[36mShadow Load (0.4ms)[0m  [1m[34mSELECT "shadows".* FROM "shadows"[0m
  [1m[36mDocument Load (0.2ms)[0m  [1m[34mSELECT "documents".* FROM "documents"[0m
  [1m[35m (0.0ms)[0m  [1m[36mbegin transaction[0m
  [1m[36mStudent Create (0.5ms)[0m  [1m[32mINSERT INTO "students" ("name", "school", "age", "bio", "created_at", "updated_at") VALUES (?, ?, ?, ?, ?, ?)[0m  [["name", "Zach"], ["school", "UNC"], ["age", 25], ["bio", "Hello"], ["created_at", "2020-04-13 19:31:40.248350"], ["updated_at", "2020-04-13 19:31:40.248350"]]
  [1m[35m (0.9ms)[0m  [1m[36mcommit transaction[0m
  [1m[35m (0.0ms)[0m  [1m[36mbegin transaction[0m
  [1m[36mStudent Create (0.4ms)[0m  [1m[32mINSERT INTO "students" ("name", "school", "age", "bio", "created_at", "updated_at") VALUES (?, ?, ?, ?, ?, ?)[0m  [["name", "Komal"], ["school", "FlatIron"], ["age", 29], ["bio", "Sup"], ["created_at", "2020-04-13 19:31:40.252199"], ["updated_at", "2020-04-13 19:31:40.252199"]]
  [1m[35m (0.6ms)[0m  [1m[36mcommit transaction[0m
  [1m[35m (0.1ms)[0m  [1m[36mbegin transaction[0m
  [1m[36mStudent Load (0.2ms)[0m  [1m[34mSELECT "students".* FROM "students" WHERE "students"."id" = ? LIMIT ?[0m  [["id", 1], ["LIMIT", 1]]
  [1m[35m (0.1ms)[0m  [1m[31mrollback transaction[0m
  [1m[35m (0.0ms)[0m  [1m[36mbegin transaction[0m
  [1m[36mStudent Load (0.1ms)[0m  [1m[34mSELECT "students".* FROM "students" WHERE "students"."id" = ? LIMIT ?[0m  [["id", 2], ["LIMIT", 1]]
  [1m[35m (0.0ms)[0m  [1m[31mrollback transaction[0m
  [1m[35m (0.0ms)[0m  [1m[36mbegin transaction[0m
  [1m[36mStudent Load (0.1ms)[0m  [1m[34mSELECT "students".* FROM "students" WHERE "students"."id" = ? LIMIT ?[0m  [["id", 1], ["LIMIT", 1]]
  [1m[36mDocument Create (0.6ms)[0m  [1m[32mINSERT INTO "documents" ("student_id", "document_name", "document_type", "created_at", "updated_at") VALUES (?, ?, ?, ?, ?)[0m  [["student_id", 1], ["document_name", "Resume ZB"], ["document_type", "Word"], ["created_at", "2020-04-13 19:31:40.313935"], ["updated_at", "2020-04-13 19:31:40.313935"]]
  [1m[35m (0.8ms)[0m  [1m[36mcommit transaction[0m
  [1m[35m (0.0ms)[0m  [1m[36mbegin transaction[0m
  [1m[36mStudent Load (0.1ms)[0m  [1m[34mSELECT "students".* FROM "students" WHERE "students"."id" = ? LIMIT ?[0m  [["id", 1], ["LIMIT", 1]]
  [1m[36mDocument Create (0.3ms)[0m  [1m[32mINSERT INTO "documents" ("student_id", "document_name", "document_type", "created_at", "updated_at") VALUES (?, ?, ?, ?, ?)[0m  [["student_id", 1], ["document_name", "Cover Letter ZB"], ["document_type", "PDF"], ["created_at", "2020-04-13 19:31:40.318786"], ["updated_at", "2020-04-13 19:31:40.318786"]]
  [1m[35m (0.7ms)[0m  [1m[36mcommit transaction[0m
  [1m[35m (0.9ms)[0m  [1m[34mSELECT sqlite_version(*)[0m
  [1m[36mStudent Load (0.1ms)[0m  [1m[34mSELECT "students".* FROM "students" LIMIT ?[0m  [["LIMIT", 11]]
  [1m[36mDoctor Load (0.2ms)[0m  [1m[34mSELECT "doctors".* FROM "doctors" LIMIT ?[0m  [["LIMIT", 11]]
  [1m[36mShadow Load (0.2ms)[0m  [1m[34mSELECT "shadows".* FROM "shadows" LIMIT ?[0m  [["LIMIT", 11]]
  [1m[36mDoctor Load (0.1ms)[0m  [1m[34mSELECT "doctors".* FROM "doctors" LIMIT ?[0m  [["LIMIT", 11]]
  [1m[36mDocument Load (0.2ms)[0m  [1m[34mSELECT "documents".* FROM "documents" LIMIT ?[0m  [["LIMIT", 11]]
  [1m[35m (0.1ms)[0m  [1m[36mbegin transaction[0m
  [1m[36mStudent Create (0.4ms)[0m  [1m[32mINSERT INTO "students" ("created_at", "updated_at") VALUES (?, ?)[0m  [["created_at", "2020-04-13 19:36:15.358858"], ["updated_at", "2020-04-13 19:36:15.358858"]]
  [1m[35m (0.9ms)[0m  [1m[36mcommit transaction[0m
  [1m[35m (0.5ms)[0m  [1m[34mSELECT sqlite_version(*)[0m
  [1m[35m (0.1ms)[0m  [1m[34mSELECT "schema_migrations"."version" FROM "schema_migrations" ORDER BY "schema_migrations"."version" ASC[0m
  [1m[35m (0.1ms)[0m  [1m[34mSELECT "ar_internal_metadata"."value" FROM "ar_internal_metadata" WHERE "ar_internal_metadata"."key" = ?[0m  [["key", "environment"]]
  [1m[35m (0.0ms)[0m  [1m[34mSELECT "schema_migrations"."version" FROM "schema_migrations" ORDER BY "schema_migrations"."version" ASC[0m
  [1m[35m (0.1ms)[0m  [1m[34mSELECT "ar_internal_metadata"."value" FROM "ar_internal_metadata" WHERE "ar_internal_metadata"."key" = ?[0m  [["key", "environment"]]
  [1m[35m (0.0ms)[0m  [1m[34mSELECT "schema_migrations"."version" FROM "schema_migrations" ORDER BY "schema_migrations"."version" ASC[0m
  [1m[35m (0.1ms)[0m  [1m[34mSELECT "ar_internal_metadata"."value" FROM "ar_internal_metadata" WHERE "ar_internal_metadata"."key" = ?[0m  [["key", "environment"]]
  [1m[35m (0.4ms)[0m  [1m[34mSELECT sqlite_version(*)[0m
  [1m[35m (0.0ms)[0m  [1m[34mSELECT sqlite_version(*)[0m
  [1m[35m (0.3ms)[0m  [1m[34mSELECT sqlite_version(*)[0m
  [1m[35m (1.2ms)[0m  [1m[35mCREATE TABLE "schema_migrations" ("version" varchar NOT NULL PRIMARY KEY)[0m
  [1m[35m (0.7ms)[0m  [1m[35mCREATE TABLE "ar_internal_metadata" ("key" varchar NOT NULL PRIMARY KEY, "value" varchar, "created_at" datetime(6) NOT NULL, "updated_at" datetime(6) NOT NULL)[0m
  [1m[35m (0.1ms)[0m  [1m[34mSELECT "schema_migrations"."version" FROM "schema_migrations" ORDER BY "schema_migrations"."version" ASC[0m
Migrating to CreateStudents (20200413181712)
  [1m[35m (0.0ms)[0m  [1m[36mbegin transaction[0m
  [1m[35m (0.3ms)[0m  [1m[35mCREATE TABLE "students" ("id" integer PRIMARY KEY AUTOINCREMENT NOT NULL, "name" varchar, "school" varchar, "age" integer, "bio" text, "created_at" datetime(6) NOT NULL, "updated_at" datetime(6) NOT NULL)[0m
  [1m[36mprimary::SchemaMigration Create (0.1ms)[0m  [1m[32mINSERT INTO "schema_migrations" ("version") VALUES (?)[0m  [["version", "20200413181712"]]
  [1m[35m (1.2ms)[0m  [1m[36mcommit transaction[0m
Migrating to CreateDoctors (20200413181908)
  [1m[35m (0.0ms)[0m  [1m[36mbegin transaction[0m
  [1m[35m (0.3ms)[0m  [1m[35mCREATE TABLE "doctors" ("id" integer PRIMARY KEY AUTOINCREMENT NOT NULL, "name" varchar, "location" varchar, "hospital" varchar, "practice" varchar, "participation" float, "notes" text, "created_at" datetime(6) NOT NULL, "updated_at" datetime(6) NOT NULL)[0m
  [1m[36mprimary::SchemaMigration Create (0.1ms)[0m  [1m[32mINSERT INTO "schema_migrations" ("version") VALUES (?)[0m  [["version", "20200413181908"]]
  [1m[35m (0.5ms)[0m  [1m[36mcommit transaction[0m
Migrating to CreateShadows (20200413182202)
  [1m[35m (0.1ms)[0m  [1m[36mbegin transaction[0m
  [1m[35m (0.4ms)[0m  [1m[35mCREATE TABLE "shadows" ("id" integer PRIMARY KEY AUTOINCREMENT NOT NULL, "student_id" integer NOT NULL, "doctor_id" integer NOT NULL, "start_date" date, "length" varchar, "accepted" boolean, "created_at" datetime(6) NOT NULL, "updated_at" datetime(6) NOT NULL, CONSTRAINT "fk_rails_7f6cbb1cf4"
FOREIGN KEY ("student_id")
  REFERENCES "students" ("id")
, CONSTRAINT "fk_rails_6cb0c3d221"
FOREIGN KEY ("doctor_id")
  REFERENCES "doctors" ("id")
)[0m
  [1m[35m (0.1ms)[0m  [1m[35mCREATE  INDEX "index_shadows_on_student_id" ON "shadows" ("student_id")[0m
  [1m[35m (0.1ms)[0m  [1m[35mCREATE  INDEX "index_shadows_on_doctor_id" ON "shadows" ("doctor_id")[0m
  [1m[36mprimary::SchemaMigration Create (0.1ms)[0m  [1m[32mINSERT INTO "schema_migrations" ("version") VALUES (?)[0m  [["version", "20200413182202"]]
  [1m[35m (0.6ms)[0m  [1m[36mcommit transaction[0m
Migrating to CreateDocuments (20200413182256)
  [1m[35m (0.0ms)[0m  [1m[36mbegin transaction[0m
  [1m[35m (0.4ms)[0m  [1m[35mCREATE TABLE "documents" ("id" integer PRIMARY KEY AUTOINCREMENT NOT NULL, "student_id" integer NOT NULL, "document_name" varchar, "document_type" varchar, "created_at" datetime(6) NOT NULL, "updated_at" datetime(6) NOT NULL, CONSTRAINT "fk_rails_ee00a59e3a"
FOREIGN KEY ("student_id")
  REFERENCES "students" ("id")
)[0m
  [1m[35m (0.1ms)[0m  [1m[35mCREATE  INDEX "index_documents_on_student_id" ON "documents" ("student_id")[0m
  [1m[36mprimary::SchemaMigration Create (0.2ms)[0m  [1m[32mINSERT INTO "schema_migrations" ("version") VALUES (?)[0m  [["version", "20200413182256"]]
  [1m[35m (0.6ms)[0m  [1m[36mcommit transaction[0m
  [1m[36mActiveRecord::InternalMetadata Load (0.3ms)[0m  [1m[34mSELECT "ar_internal_metadata".* FROM "ar_internal_metadata" WHERE "ar_internal_metadata"."key" = ? LIMIT ?[0m  [["key", "environment"], ["LIMIT", 1]]
  [1m[35m (0.0ms)[0m  [1m[36mbegin transaction[0m
  [1m[36mActiveRecord::InternalMetadata Create (0.3ms)[0m  [1m[32mINSERT INTO "ar_internal_metadata" ("key", "value", "created_at", "updated_at") VALUES (?, ?, ?, ?)[0m  [["key", "environment"], ["value", "development"], ["created_at", "2020-04-13 19:41:39.963033"], ["updated_at", "2020-04-13 19:41:39.963033"]]
  [1m[35m (1.0ms)[0m  [1m[36mcommit transaction[0m
  [1m[35m (0.0ms)[0m  [1m[34mSELECT sqlite_version(*)[0m
  [1m[35m (0.1ms)[0m  [1m[34mSELECT "schema_migrations"."version" FROM "schema_migrations" ORDER BY "schema_migrations"."version" ASC[0m
  [1m[35m (0.4ms)[0m  [1m[34mSELECT sqlite_version(*)[0m
  [1m[35m (0.1ms)[0m  [1m[36mbegin transaction[0m
  [1m[36mDoctor Create (0.4ms)[0m  [1m[32mINSERT INTO "doctors" ("created_at", "updated_at") VALUES (?, ?)[0m  [["created_at", "2020-04-13 19:41:48.871939"], ["updated_at", "2020-04-13 19:41:48.871939"]]
  [1m[35m (0.7ms)[0m  [1m[36mcommit transaction[0m
  [1m[35m (0.3ms)[0m  [1m[34mSELECT sqlite_version(*)[0m
  [1m[35m (0.1ms)[0m  [1m[34mSELECT "schema_migrations"."version" FROM "schema_migrations" ORDER BY "schema_migrations"."version" ASC[0m
  [1m[35m (0.0ms)[0m  [1m[34mSELECT sqlite_version(*)[0m
  [1m[36mStudent Load (0.1ms)[0m  [1m[34mSELECT "students".* FROM "students"[0m
  [1m[36mDoctor Load (0.1ms)[0m  [1m[34mSELECT "doctors".* FROM "doctors"[0m
  [1m[35m (0.0ms)[0m  [1m[36mbegin transaction[0m
  [1m[36mDoctor Destroy (0.4ms)[0m  [1m[31mDELETE FROM "doctors" WHERE "doctors"."id" = ?[0m  [["id", 1]]
  [1m[35m (0.5ms)[0m  [1m[36mcommit transaction[0m
  [1m[36mShadow Load (0.1ms)[0m  [1m[34mSELECT "shadows".* FROM "shadows"[0m
  [1m[36mDocument Load (0.2ms)[0m  [1m[34mSELECT "documents".* FROM "documents"[0m
  [1m[35m (0.0ms)[0m  [1m[36mbegin transaction[0m
  [1m[36mStudent Create (0.3ms)[0m  [1m[32mINSERT INTO "students" ("name", "school", "age", "bio", "created_at", "updated_at") VALUES (?, ?, ?, ?, ?, ?)[0m  [["name", "Zach"], ["school", "UNC"], ["age", 25], ["bio", "Hello"], ["created_at", "2020-04-13 19:42:17.691455"], ["updated_at", "2020-04-13 19:42:17.691455"]]
  [1m[35m (0.5ms)[0m  [1m[36mcommit transaction[0m
  [1m[35m (0.0ms)[0m  [1m[36mbegin transaction[0m
  [1m[36mStudent Create (0.3ms)[0m  [1m[32mINSERT INTO "students" ("name", "school", "age", "bio", "created_at", "updated_at") VALUES (?, ?, ?, ?, ?, ?)[0m  [["name", "Komal"], ["school", "FlatIron"], ["age", 29], ["bio", "Sup"], ["created_at", "2020-04-13 19:42:17.694873"], ["updated_at", "2020-04-13 19:42:17.694873"]]
  [1m[35m (0.5ms)[0m  [1m[36mcommit transaction[0m
  [1m[35m (0.0ms)[0m  [1m[36mbegin transaction[0m
  [1m[36mDoctor Create (0.5ms)[0m  [1m[32mINSERT INTO "doctors" ("name", "location", "hospital", "practice", "participation", "notes", "created_at", "updated_at") VALUES (?, ?, ?, ?, ?, ?, ?, ?)[0m  [["name", "Dr. Steve"], ["location", "New York"], ["hospital", "NYU Langone"], ["practice", "Cardiologist"], ["participation", 30.5], ["notes", "Very good doctor"], ["created_at", "2020-04-13 19:42:17.698349"], ["updated_at", "2020-04-13 19:42:17.698349"]]
  [1m[35m (0.6ms)[0m  [1m[36mcommit transaction[0m
  [1m[35m (0.0ms)[0m  [1m[36mbegin transaction[0m
  [1m[36mDoctor Create (0.3ms)[0m  [1m[32mINSERT INTO "doctors" ("name", "location", "hospital", "practice", "participation", "notes", "created_at", "updated_at") VALUES (?, ?, ?, ?, ?, ?, ?, ?)[0m  [["name", "Dr. Fauci"], ["location", "Washington DC"], ["hospital", "Retired"], ["practice", "Epidemeology"], ["participation", 50.6], ["notes", "Super Smart"], ["created_at", "2020-04-13 19:42:17.702416"], ["updated_at", "2020-04-13 19:42:17.702416"]]
  [1m[35m (0.6ms)[0m  [1m[36mcommit transaction[0m
  [1m[35m (0.0ms)[0m  [1m[36mbegin transaction[0m
  [1m[36mStudent Load (0.2ms)[0m  [1m[34mSELECT "students".* FROM "students" WHERE "students"."id" = ? LIMIT ?[0m  [["id", 1], ["LIMIT", 1]]
  [1m[36mDoctor Load (0.1ms)[0m  [1m[34mSELECT "doctors".* FROM "doctors" WHERE "doctors"."id" = ? LIMIT ?[0m  [["id", 2], ["LIMIT", 1]]
  [1m[36mShadow Create (0.3ms)[0m  [1m[32mINSERT INTO "shadows" ("student_id", "doctor_id", "start_date", "length", "accepted", "created_at", "updated_at") VALUES (?, ?, ?, ?, ?, ?, ?)[0m  [["student_id", 1], ["doctor_id", 2], ["start_date", 1094672], ["length", "7 days"], ["accepted", 1], ["created_at", "2020-04-13 19:42:17.718226"], ["updated_at", "2020-04-13 19:42:17.718226"]]
  [1m[35m (0.6ms)[0m  [1m[36mcommit transaction[0m
  [1m[35m (0.0ms)[0m  [1m[36mbegin transaction[0m
  [1m[36mStudent Load (0.1ms)[0m  [1m[34mSELECT "students".* FROM "students" WHERE "students"."id" = ? LIMIT ?[0m  [["id", 2], ["LIMIT", 1]]
  [1m[36mDoctor Load (0.0ms)[0m  [1m[34mSELECT "doctors".* FROM "doctors" WHERE "doctors"."id" = ? LIMIT ?[0m  [["id", 3], ["LIMIT", 1]]
  [1m[36mShadow Create (0.3ms)[0m  [1m[32mINSERT INTO "shadows" ("student_id", "doctor_id", "start_date", "length", "accepted", "created_at", "updated_at") VALUES (?, ?, ?, ?, ?, ?, ?)[0m  [["student_id", 2], ["doctor_id", 3], ["start_date", 1070096], ["length", "5 days"], ["accepted", 0], ["created_at", "2020-04-13 19:42:17.723883"], ["updated_at", "2020-04-13 19:42:17.723883"]]
  [1m[35m (0.6ms)[0m  [1m[36mcommit transaction[0m
  [1m[35m (0.1ms)[0m  [1m[36mbegin transaction[0m
  [1m[36mStudent Load (0.1ms)[0m  [1m[34mSELECT "students".* FROM "students" WHERE "students"."id" = ? LIMIT ?[0m  [["id", 1], ["LIMIT", 1]]
  [1m[36mDocument Create (0.3ms)[0m  [1m[32mINSERT INTO "documents" ("student_id", "document_name", "document_type", "created_at", "updated_at") VALUES (?, ?, ?, ?, ?)[0m  [["student_id", 1], ["document_name", "Resume ZB"], ["document_type", "Word"], ["created_at", "2020-04-13 19:42:17.749738"], ["updated_at", "2020-04-13 19:42:17.749738"]]
  [1m[35m (0.7ms)[0m  [1m[36mcommit transaction[0m
  [1m[35m (0.0ms)[0m  [1m[36mbegin transaction[0m
  [1m[36mStudent Load (0.1ms)[0m  [1m[34mSELECT "students".* FROM "students" WHERE "students"."id" = ? LIMIT ?[0m  [["id", 1], ["LIMIT", 1]]
  [1m[36mDocument Create (0.3ms)[0m  [1m[32mINSERT INTO "documents" ("student_id", "document_name", "document_type", "created_at", "updated_at") VALUES (?, ?, ?, ?, ?)[0m  [["student_id", 1], ["document_name", "Cover Letter ZB"], ["document_type", "PDF"], ["created_at", "2020-04-13 19:42:17.754284"], ["updated_at", "2020-04-13 19:42:17.754284"]]
  [1m[35m (0.6ms)[0m  [1m[36mcommit transaction[0m
  [1m[35m (0.6ms)[0m  [1m[34mSELECT sqlite_version(*)[0m
  [1m[36mShadow Load (0.1ms)[0m  [1m[34mSELECT "shadows".* FROM "shadows" LIMIT ?[0m  [["LIMIT", 11]]
